
[31m[1mPANIC RECOVERED[0m
[32mTime:[0m     2025-12-19 15:33:48
[33mRequest:[0m  GET /panic
[33mIP:[0m       ::1
[33mTraceID:[0m  d52fvn27t2age01e64fg
[31mError:[0m    è¿™æ˜¯ä¸€æ¬¡æœ‰æ„çš„æµ‹è¯• Panic
[36mFile:[0m example/main.go:30 [35mlevel3()[0m
  [2m27   }[0m
  [2m28   [0m
  [2m29   func level3() {[0m
  [31m[1m30 >     panic(fmt.Errorf("è¿™æ˜¯ä¸€æ¬¡æœ‰æ„çš„æµ‹è¯• Panic"))[0m
  [2m31   }[0m
  [2m32   [0m
  [2m33   func level2() {[0m

[36mFile:[0m example/main.go:34 [35mlevel2()[0m
  [2m31   }[0m
  [2m32   [0m
  [2m33   func level2() {[0m
  [31m[1m34 >     level3()[0m
  [2m35   }[0m
  [2m36   [0m
  [2m37   func level1() {[0m

[36mFile:[0m example/main.go:38 [35mlevel1()[0m
  [2m35   }[0m
  [2m36   [0m
  [2m37   func level1() {[0m
  [31m[1m38 >     level2()[0m
  [2m39   }[0m
  [2m40   [0m
  [2m41   func main() {[0m

[36mFile:[0m example/main.go:57 [35mfunc2()[0m
  [2m54   [0m
  [2m55   // æ³¨å†Œä¸€ä¸ªè§¦å‘ Panic çš„æµ‹è¯•è·¯ç”±[0m
  [2m56   r.GET("panic", func(c *sgin.Ctx) error {[0m
  [31m[1m57 >     level1()[0m
  [2m58       return nil[0m
  [2m59   })[0m
  [2m60   [0m

[31m[1mPANIC RECOVERED[0m
[32mTime:[0m     2025-12-19 16:29:48
[33mRequest:[0m  GET /panic
[33mIP:[0m       ::1
[33mTraceID:[0m  d52gpv27t2ahep103ol0
[31mError:[0m    è¿™æ˜¯ä¸€æ¬¡æœ‰æ„çš„æµ‹è¯• Panic
[36mFile:[0m example/main.go:30 [36mlevel3()[0m
  [2m27   }[0m
  [2m28   [0m
  [2m29   func level3() {[0m
  [31m[1m30 >     panic(fmt.Errorf("è¿™æ˜¯ä¸€æ¬¡æœ‰æ„çš„æµ‹è¯• Panic"))[0m
  [2m31   }[0m
  [2m32   [0m
  [2m33   func level2() {[0m

[36mFile:[0m example/main.go:34 [36mlevel2()[0m
  [2m31   }[0m
  [2m32   [0m
  [2m33   func level2() {[0m
  [31m[1m34 >     level3()[0m
  [2m35   }[0m
  [2m36   [0m
  [2m37   func level1() {[0m

[36mFile:[0m example/main.go:38 [36mlevel1()[0m
  [2m35   }[0m
  [2m36   [0m
  [2m37   func level1() {[0m
  [31m[1m38 >     level2()[0m
  [2m39   }[0m
  [2m40   [0m
  [2m41   func main() {[0m

[36mFile:[0m example/main.go:55 [36mfunc2()[0m
  [2m52   [0m
  [2m53   // æ³¨å†Œä¸€ä¸ªè§¦å‘ Panic çš„æµ‹è¯•è·¯ç”±[0m
  [2m54   r.GET("panic", func(c *sgin.Ctx) error {[0m
  [31m[1m55 >     level1()[0m
  [2m56       return nil[0m
  [2m57   })[0m
  [2m58   [0m

PANIC RECOVERED
Time:     2025-12-19 16:36:08
Request:  GET /panic
IP:       ::1
TraceID:  d52gsu27t2ak1759brkg
Error:    è¿™æ˜¯ä¸€æ¬¡æœ‰æ„çš„æµ‹è¯• Panic
File: example/main.go:30 level3()
  27   }
  28   
  29   func level3() {
  30 >     panic(fmt.Errorf("è¿™æ˜¯ä¸€æ¬¡æœ‰æ„çš„æµ‹è¯• Panic"))
  31   }
  32   
  33   func level2() {

File: example/main.go:34 level2()
  31   }
  32   
  33   func level2() {
  34 >     level3()
  35   }
  36   
  37   func level1() {

File: example/main.go:38 level1()
  35   }
  36   
  37   func level1() {
  38 >     level2()
  39   }
  40   
  41   func main() {

File: example/main.go:55 func2()
  52   
  53   // æ³¨å†Œä¸€ä¸ªè§¦å‘ Panic çš„æµ‹è¯•è·¯ç”±
  54   r.GET("panic", func(c *sgin.Ctx) error {
  55 >     level1()
  56       return nil
  57   })
  58   

PANIC RECOVERED
Time:     2025-12-19 16:36:22
Request:  GET /panic
IP:       ::1
TraceID:  d52gt1i7t2ak1n213op0
Error:    è¿™æ˜¯ä¸€æ¬¡æœ‰æ„çš„æµ‹è¯• Panic
File: example/main.go:30 level3()
  27   }
  28   
  29   func level3() {
  30 >     panic(fmt.Errorf("è¿™æ˜¯ä¸€æ¬¡æœ‰æ„çš„æµ‹è¯• Panic"))
  31   }
  32   
  33   func level2() {

File: example/main.go:34 level2()
  31   }
  32   
  33   func level2() {
  34 >     level3()
  35   }
  36   
  37   func level1() {

File: example/main.go:38 level1()
  35   }
  36   
  37   func level1() {
  38 >     level2()
  39   }
  40   
  41   func main() {

File: example/main.go:55 func2()
  52   
  53   // æ³¨å†Œä¸€ä¸ªè§¦å‘ Panic çš„æµ‹è¯•è·¯ç”±
  54   r.GET("panic", func(c *sgin.Ctx) error {
  55 >     level1()
  56       return nil
  57   })
  58   

PANIC RECOVERED
Time:     2025-12-19 16:44:12
Request:  GET /panic
Host:     localhost:8080
IP:       ::1
TraceID:  d52h0n27t2ak3m4t0eu0
Error:    è¿™æ˜¯ä¸€æ¬¡æœ‰æ„çš„æµ‹è¯• Panic
File: example/main.go:30 level3()
  27   }
  28   
  29   func level3() {
  30 >     panic(fmt.Errorf("è¿™æ˜¯ä¸€æ¬¡æœ‰æ„çš„æµ‹è¯• Panic"))
  31   }
  32   
  33   func level2() {

File: example/main.go:34 level2()
  31   }
  32   
  33   func level2() {
  34 >     level3()
  35   }
  36   
  37   func level1() {

File: example/main.go:38 level1()
  35   }
  36   
  37   func level1() {
  38 >     level2()
  39   }
  40   
  41   func main() {

File: example/main.go:55 func2()
  52   
  53   // æ³¨å†Œä¸€ä¸ªè§¦å‘ Panic çš„æµ‹è¯•è·¯ç”±
  54   r.GET("panic", func(c *sgin.Ctx) error {
  55 >     level1()
  56       return nil
  57   })
  58   

 PANIC RECOVERED 
Time:     2025-12-19 16:49:11
Request:  GET /panic
Host:     localhost:8080
Content-Type: 
IP:       ::1
TraceID:  d52h31q7t2ak6t21h5og
Error:    è¿™æ˜¯ä¸€æ¬¡æœ‰æ„çš„æµ‹è¯• Panic
File: example/main.go:30 level3()
  27   }
  28   
  29   func level3() {
  30 >     panic(fmt.Errorf("è¿™æ˜¯ä¸€æ¬¡æœ‰æ„çš„æµ‹è¯• Panic"))
  31   }
  32   
  33   func level2() {

File: example/main.go:34 level2()
  31   }
  32   
  33   func level2() {
  34 >     level3()
  35   }
  36   
  37   func level1() {

File: example/main.go:38 level1()
  35   }
  36   
  37   func level1() {
  38 >     level2()
  39   }
  40   
  41   func main() {

File: example/main.go:55 func2()
  52   
  53   // æ³¨å†Œä¸€ä¸ªè§¦å‘ Panic çš„æµ‹è¯•è·¯ç”±
  54   r.GET("panic", func(c *sgin.Ctx) error {
  55 >     level1()
  56       return nil
  57   })
  58   

 PANIC RECOVERED 
Time:     2025-12-19 16:51:57
Request:  GET /panic
Host:     localhost:8080
Content-Type: 
IP:       ::1
TraceID:  d52h4ba7t2ajj975f4r0
Error:    è¿™æ˜¯ä¸€æ¬¡æœ‰æ„çš„æµ‹è¯• Panic
File: example/main.go:30 level3()
  27   }
  28   
  29   func level3() {
  30 >     panic(fmt.Errorf("è¿™æ˜¯ä¸€æ¬¡æœ‰æ„çš„æµ‹è¯• Panic"))
  31   }
  32   
  33   func level2() {

File: example/main.go:34 level2()
  31   }
  32   
  33   func level2() {
  34 >     level3()
  35   }
  36   
  37   func level1() {

File: example/main.go:38 level1()
  35   }
  36   
  37   func level1() {
  38 >     level2()
  39   }
  40   
  41   func main() {

File: example/main.go:55 func2()
  52   
  53   // æ³¨å†Œä¸€ä¸ªè§¦å‘ Panic çš„æµ‹è¯•è·¯ç”±
  54   r.GET("panic", func(c *sgin.Ctx) error {
  55 >     level1()
  56       return nil
  57   })
  58   

 PANIC RECOVERED 
Time:     2025-12-19 16:52:43
Request:  GET /panic
Host:     localhost:8080
Content-Type: 
IP:       ::1
TraceID:  d52h4mq7t2aj0q0kqk80
Error:    è¿™æ˜¯ä¸€æ¬¡æœ‰æ„çš„æµ‹è¯• Panic
File: example/main.go:30 level3()
  27   }
  28   
  29   func level3() {
  30 >     panic(fmt.Errorf("è¿™æ˜¯ä¸€æ¬¡æœ‰æ„çš„æµ‹è¯• Panic"))
  31   }
  32   
  33   func level2() {

File: example/main.go:34 level2()
  31   }
  32   
  33   func level2() {
  34 >     level3()
  35   }
  36   
  37   func level1() {

File: example/main.go:38 level1()
  35   }
  36   
  37   func level1() {
  38 >     level2()
  39   }
  40   
  41   func main() {

File: example/main.go:55 func2()
  52   
  53   // æ³¨å†Œä¸€ä¸ªè§¦å‘ Panic çš„æµ‹è¯•è·¯ç”±
  54   r.GET("panic", func(c *sgin.Ctx) error {
  55 >     level1()
  56       return nil
  57   })
  58   

 PANIC RECOVERED 
Time:     2025-12-19 17:01:35
Request:  GET /panic
Host:     localhost:8080
Content-Type: 
IP:       ::1
TraceID:  d52h8rq7t2ai210iokag
Error:    è¿™æ˜¯ä¸€æ¬¡æœ‰æ„çš„æµ‹è¯• Panic
File: example/main.go:30 level3()
  27   }
  28   
  29   func level3() {
  30 >     panic(fmt.Errorf("è¿™æ˜¯ä¸€æ¬¡æœ‰æ„çš„æµ‹è¯• Panic"))
  31   }
  32   
  33   func level2() {

File: example/main.go:34 level2()
  31   }
  32   
  33   func level2() {
  34 >     level3()
  35   }
  36   
  37   func level1() {

File: example/main.go:38 level1()
  35   }
  36   
  37   func level1() {
  38 >     level2()
  39   }
  40   
  41   func main() {

File: example/main.go:55 func2()
  52   
  53   // æ³¨å†Œä¸€ä¸ªè§¦å‘ Panic çš„æµ‹è¯•è·¯ç”±
  54   r.GET("panic", func(c *sgin.Ctx) error {
  55 >     level1()
  56       return nil
  57   })
  58   

 PANIC RECOVERED 
Time:         2025-12-19 17:07:01
Request:      GET /panic
Host:         localhost:8080
Content-Type: 
IP:           ::1
TraceID:      d52hbda7t2ai5i4jn36g
Error:        è¿™æ˜¯ä¸€æ¬¡æœ‰æ„çš„æµ‹è¯• Panic
File: example/main.go:30 level3()
  27   }
  28   
  29   func level3() {
  30 >     panic(fmt.Errorf("è¿™æ˜¯ä¸€æ¬¡æœ‰æ„çš„æµ‹è¯• Panic"))
  31   }
  32   
  33   func level2() {

File: example/main.go:34 level2()
  31   }
  32   
  33   func level2() {
  34 >     level3()
  35   }
  36   
  37   func level1() {

File: example/main.go:38 level1()
  35   }
  36   
  37   func level1() {
  38 >     level2()
  39   }
  40   
  41   func main() {

File: example/main.go:55 func2()
  52   
  53   // æ³¨å†Œä¸€ä¸ªè§¦å‘ Panic çš„æµ‹è¯•è·¯ç”±
  54   r.GET("panic", func(c *sgin.Ctx) error {
  55 >     level1()
  56       return nil
  57   })
  58   

 PANIC RECOVERED 
Time:         2025-12-19 17:07:18
Request:      GET /panic
Host:         localhost:8080
Content-Type: 
IP:           ::1
TraceID:      d52hbhi7t2aiph09e5k0
Error:        è¿™æ˜¯ä¸€æ¬¡æœ‰æ„çš„æµ‹è¯• Panic
File: example/main.go:30 level3()
  27   }
  28   
  29   func level3() {
  30 >     panic(fmt.Errorf("è¿™æ˜¯ä¸€æ¬¡æœ‰æ„çš„æµ‹è¯• Panic"))
  31   }
  32   
  33   func level2() {

File: example/main.go:34 level2()
  31   }
  32   
  33   func level2() {
  34 >     level3()
  35   }
  36   
  37   func level1() {

File: example/main.go:38 level1()
  35   }
  36   
  37   func level1() {
  38 >     level2()
  39   }
  40   
  41   func main() {

File: example/main.go:55 func2()
  52   
  53   // æ³¨å†Œä¸€ä¸ªè§¦å‘ Panic çš„æµ‹è¯•è·¯ç”±
  54   r.GET("panic", func(c *sgin.Ctx) error {
  55 >     level1()
  56       return nil
  57   })
  58   
